e:\gnss\rtklib\rtklib_243_cui\rtklib243\debug\rtklib243.pdb
e:\gnss\rtklib\rtklib_243_cui\rtklib243\debug\rtklib243.idb
e:\gnss\rtklib\rtklib_243_cui\rtklib243\debug\binex.obj
e:\gnss\rtklib\rtklib_243_cui\rtklib243\debug\rcvraw.obj
e:\gnss\rtklib\rtklib_243_cui\rtklib243\debug\qzslex.obj
e:\gnss\rtklib\rtklib_243_cui\rtklib243\debug\preceph.obj
e:\gnss\rtklib\rtklib_243_cui\rtklib243\debug\ppp_corr.obj
e:\gnss\rtklib\rtklib_243_cui\rtklib243\debug\ppp_ar.obj
e:\gnss\rtklib\rtklib_243_cui\rtklib243\debug\ppp.obj
e:\gnss\rtklib\rtklib_243_cui\rtklib243\debug\postpos.obj
e:\gnss\rtklib\rtklib_243_cui\rtklib243\debug\pntpos.obj
e:\gnss\rtklib\rtklib_243_cui\rtklib243\debug\options.obj
e:\gnss\rtklib\rtklib_243_cui\rtklib243\debug\lambda.obj
e:\gnss\rtklib\rtklib_243_cui\rtklib243\debug\ionex.obj
e:\gnss\rtklib\rtklib_243_cui\rtklib243\debug\gis.obj
e:\gnss\rtklib\rtklib_243_cui\rtklib243\debug\geoid.obj
e:\gnss\rtklib\rtklib_243_cui\rtklib243\debug\ephemeris.obj
e:\gnss\rtklib\rtklib_243_cui\rtklib243\debug\download.obj
e:\gnss\rtklib\rtklib_243_cui\rtklib243\debug\datum.obj
e:\gnss\rtklib\rtklib_243_cui\rtklib243\debug\convrnx.obj
e:\gnss\rtklib\rtklib_243_cui\rtklib243\debug\convkml.obj
e:\gnss\rtklib\rtklib_243_cui\rtklib243\debug\convgpx.obj
e:\gnss\rtklib\rtklib_243_cui\rtklib243\debug\rtkpos.obj
e:\gnss\rtklib\rtklib_243_cui\rtklib243\debug\rtkcmn.obj
e:\gnss\rtklib\rtklib_243_cui\rtklib243\debug\rtcm3e.obj
e:\gnss\rtklib\rtklib_243_cui\rtklib243\debug\rtcm3.obj
e:\gnss\rtklib\rtklib_243_cui\rtklib243\debug\rtcm2.obj
e:\gnss\rtklib\rtklib_243_cui\rtklib243\debug\rtcm.obj
e:\gnss\rtklib\rtklib_243_cui\rtklib243\debug\rinex.obj
e:\gnss\rtklib\rtklib_243_cui\rtklib243\debug\ublox.obj
e:\gnss\rtklib\rtklib_243_cui\rtklib243\debug\tersus.obj
e:\gnss\rtklib\rtklib_243_cui\rtklib243\debug\ss2.obj
e:\gnss\rtklib\rtklib_243_cui\rtklib243\debug\skytraq.obj
e:\gnss\rtklib\rtklib_243_cui\rtklib243\debug\septentrio.obj
e:\gnss\rtklib\rtklib_243_cui\rtklib243\debug\rt17.obj
e:\gnss\rtklib\rtklib_243_cui\rtklib243\debug\rcvlex.obj
e:\gnss\rtklib\rtklib_243_cui\rtklib243\debug\nvs.obj
e:\gnss\rtklib\rtklib_243_cui\rtklib243\debug\novatel.obj
e:\gnss\rtklib\rtklib_243_cui\rtklib243\debug\javad.obj
e:\gnss\rtklib\rtklib_243_cui\rtklib243\debug\gw10.obj
e:\gnss\rtklib\rtklib_243_cui\rtklib243\debug\crescent.obj
e:\gnss\rtklib\rtklib_243_cui\rtklib243\debug\cmr.obj
e:\gnss\rtklib\rtklib_243_cui\rtklib243\debug\tle.obj
e:\gnss\rtklib\rtklib_243_cui\rtklib243\debug\tides.obj
e:\gnss\rtklib\rtklib_243_cui\rtklib243\debug\streamsvr.obj
e:\gnss\rtklib\rtklib_243_cui\rtklib243\debug\stream.obj
e:\gnss\rtklib\rtklib_243_cui\rtklib243\debug\solution.obj
e:\gnss\rtklib\rtklib_243_cui\rtklib243\debug\sbas.obj
e:\gnss\rtklib\rtklib_243_cui\rtklib243\debug\rtksvr.obj
e:\gnss\rtklib\rtklib_243_cui\debug\rtklib243.lib
e:\gnss\rtklib\rtklib_243_cui\debug\rtklib243.pdb
e:\gnss\rtklib\rtklib_243_cui\rtklib243\debug\rtklib243.tlog\cl.command.1.tlog
e:\gnss\rtklib\rtklib_243_cui\rtklib243\debug\rtklib243.tlog\cl.read.1.tlog
e:\gnss\rtklib\rtklib_243_cui\rtklib243\debug\rtklib243.tlog\cl.write.1.tlog
e:\gnss\rtklib\rtklib_243_cui\rtklib243\debug\rtklib243.tlog\lib-link.read.1.tlog
e:\gnss\rtklib\rtklib_243_cui\rtklib243\debug\rtklib243.tlog\lib-link.write.1.tlog
e:\gnss\rtklib\rtklib_243_cui\rtklib243\debug\rtklib243.tlog\lib.command.1.tlog
